<?xml version="1.0" encoding="UTF-8"?>
<!-- Generated by org.testng.reporters.JUnitReportReporter -->
<testsuite hostname="NDI-LAP-200" failures="0" tests="2" name="TestCases.ProductRemovalFlow" time="0.836" errors="0" timestamp="2024-06-29T23:05:20 IST" skipped="0">
  <testcase classname="TestCases.ProductRemovalFlow" name="InitiateHomePage" time="0.457"/>
  <system-out/>
  <testcase classname="TestCases.ProductRemovalFlow" name="verifyAddProductToCart" time="0.379"/>
  <system-out/>
</testsuite> <!-- TestCases.ProductRemovalFlow -->
