<?xml version="1.0" encoding="UTF-8"?>
<!-- Generated by org.testng.reporters.JUnitReportReporter -->
<testsuite hostname="NDI-LAP-200" failures="0" tests="2" name="TestCases.LogoutFlow" time="0.787" errors="0" timestamp="2024-06-29T23:19:15 IST" skipped="0">
  <testcase classname="TestCases.LogoutFlow" name="InitiateHomePage" time="0.488"/>
  <system-out/>
  <testcase classname="TestCases.LogoutFlow" name="verifyLogOutFlow" time="0.299"/>
  <system-out/>
</testsuite> <!-- TestCases.LogoutFlow -->
