<?xml version="1.0" encoding="UTF-8"?>
<!-- Generated by org.testng.reporters.JUnitReportReporter -->
<testsuite hostname="NDI-LAP-200" failures="0" tests="5" name="TestCases.LoginFlow" time="2.349" errors="0" timestamp="2024-06-28T17:15:28 IST" skipped="0">
  <testcase classname="TestCases.LoginFlow" name="verifyPromptMessageForWrongPasswordForLockedOutUser" time="0.639"/>
  <system-out/>
  <testcase classname="TestCases.LoginFlow" name="InitiateHomePage" time="0.094"/>
  <system-out/>
  <testcase classname="TestCases.LoginFlow" name="verifysuccessLoginForStandardUser" time="0.429"/>
  <system-out/>
  <testcase classname="TestCases.LoginFlow" name="verifyPromptMessageForLockedOutUser" time="0.609"/>
  <system-out/>
  <testcase classname="TestCases.LoginFlow" name="verifyPromptMessageForWrongUsernameForLockedOutUser" time="0.578"/>
  <system-out/>
</testsuite> <!-- TestCases.LoginFlow -->
